<?xml version="1.0" encoding="UTF-8"?>
<!-- Generated by org.testng.reporters.JUnitReportReporter -->
<testsuite hostname="DESKTOP-U10DC9V" failures="0" tests="3" name="TestCases.suit2" time="0.008" errors="0" timestamp="2022-04-18T14:53:19 IST" skipped="0">
  <testcase classname="TestCases.suit2" name="test2" time="0.003"/>
  <system-out/>
  <testcase classname="TestCases.suit2" name="test1" time="0.002"/>
  <system-out/>
  <testcase classname="TestCases.suit2" name="test3" time="0.003"/>
  <system-out/>
</testsuite> <!-- TestCases.suit2 -->
