<?xml version="1.0" encoding="UTF-8"?>
<!-- Generated by org.testng.reporters.JUnitReportReporter -->
<testsuite hostname="DESKTOP-U10DC9V" failures="0" tests="3" name="TestCases.parallelExecutation" time="112.557" errors="0" timestamp="2022-04-18T22:21:42 IST" skipped="0">
  <testcase classname="TestCases.parallelExecutation" name="site1" time="40.420"/>
  <system-out/>
  <testcase classname="TestCases.parallelExecutation" name="site2" time="29.711"/>
  <system-out/>
  <testcase classname="TestCases.parallelExecutation" name="site3" time="42.426"/>
  <system-out/>
</testsuite> <!-- TestCases.parallelExecutation -->
