<?xml version="1.0" encoding="UTF-8"?>
<!-- Generated by org.testng.reporters.JUnitReportReporter -->
<testsuite hostname="DESKTOP-U10DC9V" failures="0" tests="5" name="TestCases.loginPageTest" time="102.539" errors="0" timestamp="2022-04-11T17:46:32 IST" skipped="1">
  <testcase classname="TestCases.loginPageTest" name="serchboxTest" time="18.372"/>
  <system-out/>
  <testcase classname="TestCases.loginPageTest" name="serchboxTest" time="54.158"/>
  <system-out/>
  <testcase classname="TestCases.loginPageTest" name="enterEmailTest" time="14.960"/>
  <system-out/>
  <testcase classname="TestCases.loginPageTest" name="ValidateLoginTitleTest" time="15.049"/>
  <system-out>
    <![CDATA[tital =Groww - Online Demat, Trading and Direct Mutual Fund Investment in India]]>
  </system-out>
  <testcase classname="TestCases.loginPageTest" name="validateGrowLogo">
    <skipped/>
  </testcase> <!-- validateGrowLogo -->
  <system-out/>
</testsuite> <!-- TestCases.loginPageTest -->
