<?xml version="1.0" encoding="UTF-8"?>
<!-- Generated by org.testng.reporters.JUnitReportReporter -->
<testsuite hostname="DESKTOP-U10DC9V" failures="0" tests="5" name="TestCases.timeoutKey" time="0.022" errors="0" timestamp="2022-04-13T23:15:27 IST" skipped="0">
  <testcase classname="TestCases.timeoutKey" name="method3" time="0.002"/>
  <system-out/>
  <testcase classname="TestCases.timeoutKey" name="method4" time="0.006"/>
  <system-out/>
  <testcase classname="TestCases.timeoutKey" name="method1" time="0.006"/>
  <system-out/>
  <testcase classname="TestCases.timeoutKey" name="method2" time="0.006"/>
  <system-out/>
  <testcase classname="TestCases.timeoutKey" name="method5" time="0.002"/>
  <system-out/>
</testsuite> <!-- TestCases.timeoutKey -->
