<?xml version="1.0" encoding="UTF-8"?>
<!-- Generated by org.testng.reporters.JUnitReportReporter -->
<testsuite hostname="DESKTOP-U10DC9V" failures="0" tests="5" name="TestCases.priorityTest" time="0.017" errors="0" timestamp="2022-04-13T22:41:39 IST" skipped="0">
  <testcase classname="TestCases.priorityTest" name="method4" time="0.005"/>
  <system-out/>
  <testcase classname="TestCases.priorityTest" name="method3" time="0.002"/>
  <system-out/>
  <testcase classname="TestCases.priorityTest" name="method5" time="0.002"/>
  <system-out/>
  <testcase classname="TestCases.priorityTest" name="method2" time="0.003"/>
  <system-out/>
  <testcase classname="TestCases.priorityTest" name="method1" time="0.005"/>
  <system-out/>
</testsuite> <!-- TestCases.priorityTest -->
