<?xml version="1.0" encoding="UTF-8"?>
<!-- Generated by org.testng.reporters.JUnitReportReporter -->
<testsuite hostname="DESKTOP-U10DC9V" failures="0" tests="5" name="TestCases.Group" time="0.019" errors="0" timestamp="2022-04-14T23:43:11 IST" skipped="0">
  <testcase classname="TestCases.Group" name="method3" time="0.004"/>
  <system-out/>
  <testcase classname="TestCases.Group" name="method4" time="0.001"/>
  <system-out/>
  <testcase classname="TestCases.Group" name="method1" time="0.009"/>
  <system-out/>
  <testcase classname="TestCases.Group" name="method2" time="0.002"/>
  <system-out/>
  <testcase classname="TestCases.Group" name="method5" time="0.003"/>
  <system-out/>
</testsuite> <!-- TestCases.Group -->
