<?xml version="1.0" encoding="UTF-8"?>
<!-- Generated by org.testng.reporters.JUnitReportReporter -->
<testsuite hostname="DESKTOP-U10DC9V" failures="0" tests="1" name="TestCases.nextPageTest" time="28.852" errors="0" timestamp="2022-04-09T20:41:15 IST" skipped="0">
  <testcase classname="TestCases.nextPageTest" name="enterEmailTest" time="28.852"/>
  <system-out/>
</testsuite> <!-- TestCases.nextPageTest -->
