<?xml version="1.0" encoding="UTF-8"?>
<!-- Generated by org.testng.reporters.JUnitReportReporter -->
<testsuite hostname="DESKTOP-U10DC9V" failures="0" tests="3" name="TestCases.parallelExecutation$ParallelTest" time="57.179" errors="0" timestamp="2022-04-18T22:16:56 IST" skipped="0">
  <testcase classname="TestCases.parallelExecutation$ParallelTest" name="site2" time="9.035"/>
  <system-out/>
  <testcase classname="TestCases.parallelExecutation$ParallelTest" name="site1" time="36.044"/>
  <system-out/>
  <testcase classname="TestCases.parallelExecutation$ParallelTest" name="site3" time="12.100"/>
  <system-out/>
</testsuite> <!-- TestCases.parallelExecutation$ParallelTest -->
