<?xml version="1.0" encoding="UTF-8"?>
<!-- Generated by org.testng.reporters.JUnitReportReporter -->
<testsuite hostname="DESKTOP-U10DC9V" failures="0" tests="5" name="TestCases.enableKey" time="0.013" errors="0" timestamp="2022-04-13T23:06:53 IST" skipped="1">
  <testcase classname="TestCases.enableKey" name="method4" time="0.001"/>
  <system-out/>
  <testcase classname="TestCases.enableKey" name="method3" time="0.005"/>
  <system-out/>
  <testcase classname="TestCases.enableKey" name="method2" time="0.005"/>
  <system-out/>
  <testcase classname="TestCases.enableKey" name="method5" time="0.002"/>
  <system-out/>
  <testcase classname="TestCases.enableKey" name="method1">
    <skipped/>
  </testcase> <!-- method1 -->
  <system-out/>
</testsuite> <!-- TestCases.enableKey -->
