<?xml version="1.0" encoding="UTF-8"?>
<!-- Generated by org.testng.reporters.JUnitReportReporter -->
<testsuite hostname="DESKTOP-U10DC9V" failures="0" tests="5" name="TestCases.priorityKey" time="0.021" errors="0" timestamp="2022-04-18T14:53:19 IST" skipped="0">
  <testcase classname="TestCases.priorityKey" name="method4" time="0.001"/>
  <system-out/>
  <testcase classname="TestCases.priorityKey" name="method101" time="0.008"/>
  <system-out/>
  <testcase classname="TestCases.priorityKey" name="method3" time="0.001"/>
  <system-out/>
  <testcase classname="TestCases.priorityKey" name="method5" time="0.002"/>
  <system-out/>
  <testcase classname="TestCases.priorityKey" name="method2" time="0.009"/>
  <system-out/>
</testsuite> <!-- TestCases.priorityKey -->
